<?xml version="1.0" encoding="utf-8"?><testsuites name="pytest tests"><testsuite name="pytest" errors="0" failures="0" skipped="0" tests="22" time="4.984" timestamp="2026-04-18T19:00:26.387260+00:00" hostname="agent-env-631b881e-44ab-4bf5-938f-916357b55a99"><testcase classname="backend.tests.test_three_role_system.TestRegistration" name="test_register_both_role" time="0.763" /><testcase classname="backend.tests.test_three_role_system.TestRegistration" name="test_register_invalid_role_rejected" time="0.169" /><testcase classname="backend.tests.test_three_role_system.TestRegistration" name="test_duplicate_email_400" time="1.196" /><testcase classname="backend.tests.test_three_role_system.TestRegistration" name="test_admin_login" time="0.000" /><testcase classname="backend.tests.test_three_role_system.TestPublicProducts" name="test_public_products_all_approved" time="0.074" /><testcase classname="backend.tests.test_three_role_system.TestSellerFlow" name="test_seller_create_product_pending" time="0.198" /><testcase classname="backend.tests.test_three_role_system.TestSellerFlow" name="test_seller_sees_own_products" time="0.086" /><testcase classname="backend.tests.test_three_role_system.TestSellerFlow" name="test_pending_product_not_in_public_list" time="0.089" /><testcase classname="backend.tests.test_three_role_system.TestSellerFlow" name="test_buyer_cannot_create_seller_product" time="0.782" /><testcase classname="backend.tests.test_three_role_system.TestAdminProductApproval" name="test_admin_all_products_includes_pending" time="0.066" /><testcase classname="backend.tests.test_three_role_system.TestAdminProductApproval" name="test_admin_approves_seller_product" time="0.133" /><testcase classname="backend.tests.test_three_role_system.TestAdminProductApproval" name="test_admin_products_filter_pending" time="0.116" /><testcase classname="backend.tests.test_three_role_system.TestAdminProductApproval" name="test_admin_users_list_has_roles" time="0.070" /><testcase classname="backend.tests.test_three_role_system.TestBidFlow" name="test_buyer_places_bid" time="0.163" /><testcase classname="backend.tests.test_three_role_system.TestBidFlow" name="test_buyer_sees_own_bids" time="0.090" /><testcase classname="backend.tests.test_three_role_system.TestBidFlow" name="test_seller_sees_bids_on_own_products" time="0.070" /><testcase classname="backend.tests.test_three_role_system.TestBidFlow" name="test_seller_bid_summary" time="0.075" /><testcase classname="backend.tests.test_three_role_system.TestBidFlow" name="test_seller_accepts_bid" time="0.078" /><testcase classname="backend.tests.test_three_role_system.TestBidFlow" name="test_seller_cannot_update_other_sellers_bid" time="0.104" /><testcase classname="backend.tests.test_three_role_system.TestBidFlow" name="test_buyer_cannot_access_seller_bids" time="0.074" /><testcase classname="backend.tests.test_three_role_system.TestFileUpload" name="test_seller_can_upload" time="0.446" /><testcase classname="backend.tests.test_three_role_system.TestFileUpload" name="test_buyer_cannot_upload" time="0.087" /></testsuite></testsuites>