<?xml version="1.0" encoding="utf-8"?><testsuites name="pytest tests"><testsuite name="pytest" errors="0" failures="0" skipped="0" tests="21" time="32.653" timestamp="2026-03-20T08:43:04.411275+00:00" hostname="agent-env-631b881e-44ab-4bf5-938f-916357b55a99"><testcase classname="backend.tests.test_auth_api.TestHealthCheck" name="test_api_root_endpoint" time="1.167" /><testcase classname="backend.tests.test_auth_api.TestProducts" name="test_get_products_list" time="0.895" /><testcase classname="backend.tests.test_auth_api.TestProducts" name="test_get_single_product" time="1.375" /><testcase classname="backend.tests.test_auth_api.TestProducts" name="test_get_nonexistent_product" time="0.703" /><testcase classname="backend.tests.test_auth_api.TestAdminLogin" name="test_admin_login_success" time="0.953" /><testcase classname="backend.tests.test_auth_api.TestAdminLogin" name="test_admin_login_wrong_password" time="0.954" /><testcase classname="backend.tests.test_auth_api.TestAdminLogin" name="test_login_nonexistent_user" time="0.715" /><testcase classname="backend.tests.test_auth_api.TestCustomerRegistration" name="test_customer_registration_success" time="0.894" /><testcase classname="backend.tests.test_auth_api.TestCustomerRegistration" name="test_duplicate_email_registration" time="0.748" /><testcase classname="backend.tests.test_auth_api.TestPendingCustomerLogin" name="test_pending_customer_login" time="1.859" /><testcase classname="backend.tests.test_auth_api.TestAuthMe" name="test_get_me_authenticated" time="1.850" /><testcase classname="backend.tests.test_auth_api.TestAuthMe" name="test_get_me_no_token" time="0.663" /><testcase classname="backend.tests.test_auth_api.TestAuthMe" name="test_get_me_invalid_token" time="0.697" /><testcase classname="backend.tests.test_auth_api.TestAdminUserManagement" name="test_get_all_users" time="1.590" /><testcase classname="backend.tests.test_auth_api.TestAdminUserManagement" name="test_approve_user" time="3.422" /><testcase classname="backend.tests.test_auth_api.TestAdminUserManagement" name="test_reject_user" time="2.506" /><testcase classname="backend.tests.test_auth_api.TestAdminUserManagement" name="test_get_users_without_auth" time="0.685" /><testcase classname="backend.tests.test_auth_api.TestAdminUserManagement" name="test_get_users_as_customer" time="2.500" /><testcase classname="backend.tests.test_auth_api.TestQuoteEndpoints" name="test_get_my_quotes_approved_customer" time="4.190" /><testcase classname="backend.tests.test_auth_api.TestQuoteEndpoints" name="test_get_my_quotes_pending_customer" time="2.536" /><testcase classname="backend.tests.test_auth_api.TestQuoteEndpoints" name="test_admin_get_all_quotes" time="1.587" /></testsuite></testsuites>