<?xml version="1.0" encoding="utf-8"?><testsuites name="pytest tests"><testsuite name="pytest" errors="0" failures="0" skipped="0" tests="22" time="4.212" timestamp="2026-04-18T17:35:19.244872+00:00" hostname="agent-env-631b881e-44ab-4bf5-938f-916357b55a99"><testcase classname="backend.tests.test_bids.TestBidsBackend" name="test_01_create_bid_requires_auth" time="1.448" /><testcase classname="backend.tests.test_bids.TestBidsBackend" name="test_02_create_bid_requires_approved_customer" time="0.745" /><testcase classname="backend.tests.test_bids.TestBidsBackend" name="test_03_create_bid_validates_quantity_required" time="0.087" /><testcase classname="backend.tests.test_bids.TestBidsBackend" name="test_04_create_bid_validates_price_required" time="0.072" /><testcase classname="backend.tests.test_bids.TestBidsBackend" name="test_05_create_bid_validates_product_exists" time="0.104" /><testcase classname="backend.tests.test_bids.TestBidsBackend" name="test_06_create_bid_with_kg_and_price_per_kg" time="0.091" /><testcase classname="backend.tests.test_bids.TestBidsBackend" name="test_07_create_bid_with_lot_and_price_per_lot" time="0.076" /><testcase classname="backend.tests.test_bids.TestBidsBackend" name="test_08_create_bid_with_both_qty_and_price" time="0.070" /><testcase classname="backend.tests.test_bids.TestBidsBackend" name="test_09_get_my_bids_requires_auth" time="0.088" /><testcase classname="backend.tests.test_bids.TestBidsBackend" name="test_10_get_my_bids_returns_customer_bids" time="0.090" /><testcase classname="backend.tests.test_bids.TestBidsBackend" name="test_11_get_all_bids_requires_admin" time="0.070" /><testcase classname="backend.tests.test_bids.TestBidsBackend" name="test_12_get_all_bids_admin" time="0.101" /><testcase classname="backend.tests.test_bids.TestBidsBackend" name="test_13_get_bids_filter_by_status_pending" time="0.082" /><testcase classname="backend.tests.test_bids.TestBidsBackend" name="test_14_get_bids_summary_requires_admin" time="0.077" /><testcase classname="backend.tests.test_bids.TestBidsBackend" name="test_15_get_bids_summary_admin" time="0.064" /><testcase classname="backend.tests.test_bids.TestBidsBackend" name="test_16_update_bid_requires_admin" time="0.196" /><testcase classname="backend.tests.test_bids.TestBidsBackend" name="test_17_update_bid_accept_with_notes" time="0.069" /><testcase classname="backend.tests.test_bids.TestBidsBackend" name="test_18_update_bid_reject" time="0.177" /><testcase classname="backend.tests.test_bids.TestBidsBackend" name="test_19_update_bid_not_found" time="0.079" /><testcase classname="backend.tests.test_bids.TestBidsBackend" name="test_20_get_bids_filter_by_status_accepted" time="0.130" /><testcase classname="backend.tests.test_bids.TestBidsBackend" name="test_21_get_bids_filter_by_status_rejected" time="0.107" /><testcase classname="backend.tests.test_bids.TestBidsBackend" name="test_22_verify_bid_summary_after_updates" time="0.107" /></testsuite></testsuites>