<?xml version="1.0" encoding="utf-8"?><testsuites name="pytest tests"><testsuite name="pytest" errors="0" failures="0" skipped="0" tests="21" time="33.213" timestamp="2026-03-20T09:01:28.083229+00:00" hostname="agent-env-631b881e-44ab-4bf5-938f-916357b55a99"><testcase classname="backend.tests.test_new_features.TestAdminAuthentication" name="test_admin_login_success" time="1.398" /><testcase classname="backend.tests.test_new_features.TestAdminProductCRUD" name="test_admin_create_product_success" time="1.855" /><testcase classname="backend.tests.test_new_features.TestAdminProductCRUD" name="test_admin_create_product_requires_auth" time="0.672" /><testcase classname="backend.tests.test_new_features.TestAdminProductCRUD" name="test_admin_create_product_requires_admin_role" time="2.577" /><testcase classname="backend.tests.test_new_features.TestAdminProductCRUD" name="test_admin_update_product_success" time="1.393" /><testcase classname="backend.tests.test_new_features.TestAdminProductCRUD" name="test_admin_update_nonexistent_product" time="0.677" /><testcase classname="backend.tests.test_new_features.TestAdminProductCRUD" name="test_admin_delete_product_success" time="2.443" /><testcase classname="backend.tests.test_new_features.TestAdminProductCRUD" name="test_admin_delete_nonexistent_product" time="0.734" /><testcase classname="backend.tests.test_new_features.TestAdminQuoteResponse" name="test_admin_get_all_quotes" time="1.706" /><testcase classname="backend.tests.test_new_features.TestAdminQuoteResponse" name="test_admin_respond_to_quote_with_pricing" time="4.773" /><testcase classname="backend.tests.test_new_features.TestAdminQuoteResponse" name="test_admin_update_quote_status_only" time="0.812" /><testcase classname="backend.tests.test_new_features.TestAdminQuoteResponse" name="test_admin_update_nonexistent_quote" time="0.683" /><testcase classname="backend.tests.test_new_features.TestAdminQuoteResponse" name="test_admin_quote_requires_auth" time="0.681" /><testcase classname="backend.tests.test_new_features.TestCustomerQuoteRequest" name="test_approved_customer_can_request_quote_domestic" time="4.977" /><testcase classname="backend.tests.test_new_features.TestCustomerQuoteRequest" name="test_approved_customer_can_request_quote_export" time="0.804" /><testcase classname="backend.tests.test_new_features.TestCustomerQuoteRequest" name="test_pending_customer_cannot_request_quote" time="2.600" /><testcase classname="backend.tests.test_new_features.TestCustomerQuoteRequest" name="test_unauthenticated_cannot_request_quote" time="0.702" /><testcase classname="backend.tests.test_new_features.TestCustomerQuoteRequest" name="test_quote_request_invalid_product" time="0.720" /><testcase classname="backend.tests.test_new_features.TestCustomerQuoteRequest" name="test_customer_can_view_their_quotes" time="0.692" /><testcase classname="backend.tests.test_new_features.TestProductsEndpoint" name="test_get_all_products" time="0.717" /><testcase classname="backend.tests.test_new_features.TestProductsEndpoint" name="test_get_single_product" time="1.508" /></testsuite></testsuites>