<?xml version="1.0" encoding="utf-8"?><testsuites name="pytest tests"><testsuite name="pytest" errors="0" failures="0" skipped="0" tests="11" time="6.060" timestamp="2026-03-20T14:49:43.814347+00:00" hostname="agent-env-631b881e-44ab-4bf5-938f-916357b55a99"><testcase classname="backend.tests.test_file_upload.TestFileUpload" name="test_upload_requires_admin_auth" time="0.333" /><testcase classname="backend.tests.test_file_upload.TestFileUpload" name="test_upload_image_png" time="0.981" /><testcase classname="backend.tests.test_file_upload.TestFileUpload" name="test_upload_image_jpeg" time="0.409" /><testcase classname="backend.tests.test_file_upload.TestFileUpload" name="test_upload_rejects_txt_file" time="0.106" /><testcase classname="backend.tests.test_file_upload.TestFileUpload" name="test_upload_rejects_pdf_file" time="0.086" /><testcase classname="backend.tests.test_file_upload.TestFileServing" name="test_serve_uploaded_file" time="1.105" /><testcase classname="backend.tests.test_file_upload.TestFileServing" name="test_serve_nonexistent_file" time="0.072" /><testcase classname="backend.tests.test_file_upload.TestProductMediaPaths" name="test_products_have_media_paths_field" time="0.084" /><testcase classname="backend.tests.test_file_upload.TestProductMediaPaths" name="test_create_product_with_media_paths" time="0.950" /><testcase classname="backend.tests.test_file_upload.TestProductMediaPaths" name="test_update_product_media_paths" time="1.123" /><testcase classname="backend.tests.test_file_upload.TestCustomerUploadRestriction" name="test_customer_cannot_upload" time="0.748" /></testsuite></testsuites>